<?xml version="1.0" encoding="utf-8"?>
<!DOCTYPE coverage SYSTEM "http://cobertura.sourceforge.net/xml/coverage-04.dtd">
<coverage line-rate="0.8765822784810127" branch-rate="1" lines-covered="554" lines-valid="632" branches-covered="0" branches-valid="0" complexity="NaN" version="0" timestamp="1703248154">
  <sources />
  <packages>
    <package name="Kramp.DotNet.Models.CDM.dll" line-rate="0.8083333333333333" branch-rate="1" complexity="NaN">
      <classes>
        <class name="Kramp.DotNet.Models.CDM.AdditionalItemProperty" filename="/home/runner/work/Kramp.DotNet.Models.CDM/Kramp.DotNet.Models.CDM/CDM/Models/common/CommonAggregateComponents.cs" line-rate="0" branch-rate="1" complexity="NaN">
          <methods>
            <method name="Name" signature="()" line-rate="0" branch-rate="1" complexity="NaN">
              <lines>
                <line number="297" hits="0" branch="false" />
              </lines>
            </method>
            <method name="Name" signature="(Kramp.DotNet.Models.CDM.Name)" line-rate="0" branch-rate="1" complexity="NaN">
              <lines>
                <line number="297" hits="0" branch="false" />
              </lines>
            </method>
            <method name="Value" signature="()" line-rate="0" branch-rate="1" complexity="NaN">
              <lines>
                <line number="299" hits="0" branch="false" />
              </lines>
            </method>
            <method name="Value" signature="(Kramp.DotNet.Models.CDM.Text)" line-rate="0" branch-rate="1" complexity="NaN">
              <lines>
                <line number="299" hits="0" branch="false" />
              </lines>
            </method>
          </methods>
          <lines>
            <line number="297" hits="0" branch="false" />
            <line number="299" hits="0" branch="false" />
          </lines>
        </class>
        <class name="Kramp.DotNet.Models.CDM.Address" filename="/home/runner/work/Kramp.DotNet.Models.CDM/Kramp.DotNet.Models.CDM/CDM/Models/common/CommonAggregateComponents.cs" line-rate="1" branch-rate="1" complexity="NaN">
          <methods>
            <method name="ID" signature="()" line-rate="1" branch-rate="1" complexity="NaN">
              <lines>
                <line number="11" hits="1" branch="false" />
              </lines>
            </method>
            <method name="ID" signature="(Kramp.DotNet.Models.CDM.Identifier)" line-rate="1" branch-rate="1" complexity="NaN">
              <lines>
                <line number="11" hits="1" branch="false" />
              </lines>
            </method>
            <method name="Postbox" signature="()" line-rate="1" branch-rate="1" complexity="NaN">
              <lines>
                <line number="13" hits="1" branch="false" />
              </lines>
            </method>
            <method name="Postbox" signature="(Kramp.DotNet.Models.CDM.Name)" line-rate="1" branch-rate="1" complexity="NaN">
              <lines>
                <line number="13" hits="1" branch="false" />
              </lines>
            </method>
            <method name="StreetName" signature="()" line-rate="1" branch-rate="1" complexity="NaN">
              <lines>
                <line number="15" hits="1" branch="false" />
              </lines>
            </method>
            <method name="StreetName" signature="(Kramp.DotNet.Models.CDM.Name)" line-rate="1" branch-rate="1" complexity="NaN">
              <lines>
                <line number="15" hits="1" branch="false" />
              </lines>
            </method>
            <method name="AdditionalStreetName" signature="()" line-rate="1" branch-rate="1" complexity="NaN">
              <lines>
                <line number="17" hits="1" branch="false" />
              </lines>
            </method>
            <method name="AdditionalStreetName" signature="(Kramp.DotNet.Models.CDM.Name)" line-rate="1" branch-rate="1" complexity="NaN">
              <lines>
                <line number="17" hits="1" branch="false" />
              </lines>
            </method>
            <method name="BuildingNumber" signature="()" line-rate="1" branch-rate="1" complexity="NaN">
              <lines>
                <line number="19" hits="1" branch="false" />
              </lines>
            </method>
            <method name="BuildingNumber" signature="(Kramp.DotNet.Models.CDM.Text)" line-rate="1" branch-rate="1" complexity="NaN">
              <lines>
                <line number="19" hits="1" branch="false" />
              </lines>
            </method>
            <method name="MarkAttention" signature="()" line-rate="1" branch-rate="1" complexity="NaN">
              <lines>
                <line number="21" hits="1" branch="false" />
              </lines>
            </method>
            <method name="MarkAttention" signature="(Kramp.DotNet.Models.CDM.Text)" line-rate="1" branch-rate="1" complexity="NaN">
              <lines>
                <line number="21" hits="1" branch="false" />
              </lines>
            </method>
            <method name="CityName" signature="()" line-rate="1" branch-rate="1" complexity="NaN">
              <lines>
                <line number="23" hits="1" branch="false" />
              </lines>
            </method>
            <method name="CityName" signature="(Kramp.DotNet.Models.CDM.Name)" line-rate="1" branch-rate="1" complexity="NaN">
              <lines>
                <line number="23" hits="1" branch="false" />
              </lines>
            </method>
            <method name="PostalZone" signature="()" line-rate="1" branch-rate="1" complexity="NaN">
              <lines>
                <line number="25" hits="1" branch="false" />
              </lines>
            </method>
            <method name="PostalZone" signature="(Kramp.DotNet.Models.CDM.Text)" line-rate="1" branch-rate="1" complexity="NaN">
              <lines>
                <line number="25" hits="1" branch="false" />
              </lines>
            </method>
            <method name="Country" signature="()" line-rate="1" branch-rate="1" complexity="NaN">
              <lines>
                <line number="26" hits="1" branch="false" />
              </lines>
            </method>
            <method name="Country" signature="(Kramp.DotNet.Models.CDM.Country)" line-rate="1" branch-rate="1" complexity="NaN">
              <lines>
                <line number="26" hits="1" branch="false" />
              </lines>
            </method>
          </methods>
          <lines>
            <line number="11" hits="1" branch="false" />
            <line number="13" hits="1" branch="false" />
            <line number="15" hits="1" branch="false" />
            <line number="17" hits="1" branch="false" />
            <line number="19" hits="1" branch="false" />
            <line number="21" hits="1" branch="false" />
            <line number="23" hits="1" branch="false" />
            <line number="25" hits="1" branch="false" />
            <line number="26" hits="1" branch="false" />
          </lines>
        </class>
        <class name="Kramp.DotNet.Models.CDM.AgentParty" filename="/home/runner/work/Kramp.DotNet.Models.CDM/Kramp.DotNet.Models.CDM/CDM/Models/common/CommonAggregateComponents.cs" line-rate="0" branch-rate="1" complexity="NaN">
          <methods>
            <method name="PartyIdentification" signature="()" line-rate="0" branch-rate="1" complexity="NaN">
              <lines>
                <line number="87" hits="0" branch="false" />
              </lines>
            </method>
            <method name="PartyIdentification" signature="(Kramp.DotNet.Models.CDM.PartyIdentification)" line-rate="0" branch-rate="1" complexity="NaN">
              <lines>
                <line number="87" hits="0" branch="false" />
              </lines>
            </method>
          </methods>
          <lines>
            <line number="87" hits="0" branch="false" />
          </lines>
        </class>
        <class name="Kramp.DotNet.Models.CDM.AllowanceCharge" filename="/home/runner/work/Kramp.DotNet.Models.CDM/Kramp.DotNet.Models.CDM/CDM/Models/common/CommonAggregateComponents.cs" line-rate="0.5" branch-rate="1" complexity="NaN">
          <methods>
            <method name="ID" signature="()" line-rate="0" branch-rate="1" complexity="NaN">
              <lines>
                <line number="33" hits="0" branch="false" />
              </lines>
            </method>
            <method name="ID" signature="(Kramp.DotNet.Models.CDM.Identifier)" line-rate="0" branch-rate="1" complexity="NaN">
              <lines>
                <line number="33" hits="0" branch="false" />
              </lines>
            </method>
            <method name="ChargeIndicator" signature="()" line-rate="1" branch-rate="1" complexity="NaN">
              <lines>
                <line number="35" hits="1" branch="false" />
              </lines>
            </method>
            <method name="ChargeIndicator" signature="(Kramp.DotNet.Models.CDM.Indicator)" line-rate="1" branch-rate="1" complexity="NaN">
              <lines>
                <line number="35" hits="1" branch="false" />
              </lines>
            </method>
            <method name="AllowanceChargeReasonCode" signature="()" line-rate="0" branch-rate="1" complexity="NaN">
              <lines>
                <line number="38" hits="0" branch="false" />
              </lines>
            </method>
            <method name="AllowanceChargeReasonCode" signature="(Kramp.DotNet.Models.CDM.Code)" line-rate="0" branch-rate="1" complexity="NaN">
              <lines>
                <line number="38" hits="0" branch="false" />
              </lines>
            </method>
            <method name="AllowanceChargeReason" signature="()" line-rate="0" branch-rate="1" complexity="NaN">
              <lines>
                <line number="41" hits="0" branch="false" />
              </lines>
            </method>
            <method name="AllowanceChargeReason" signature="(Kramp.DotNet.Models.CDM.Text)" line-rate="0" branch-rate="1" complexity="NaN">
              <lines>
                <line number="41" hits="0" branch="false" />
              </lines>
            </method>
            <method name="MultiplierFactorNumeric" signature="()" line-rate="1" branch-rate="1" complexity="NaN">
              <lines>
                <line number="44" hits="1" branch="false" />
              </lines>
            </method>
            <method name="MultiplierFactorNumeric" signature="(Kramp.DotNet.Models.CDM.Numeric)" line-rate="1" branch-rate="1" complexity="NaN">
              <lines>
                <line number="44" hits="1" branch="false" />
              </lines>
            </method>
            <method name="Amount" signature="()" line-rate="1" branch-rate="1" complexity="NaN">
              <lines>
                <line number="47" hits="1" branch="false" />
              </lines>
            </method>
            <method name="Amount" signature="(Kramp.DotNet.Models.CDM.Amount)" line-rate="1" branch-rate="1" complexity="NaN">
              <lines>
                <line number="47" hits="1" branch="false" />
              </lines>
            </method>
          </methods>
          <lines>
            <line number="33" hits="0" branch="false" />
            <line number="35" hits="1" branch="false" />
            <line number="38" hits="0" branch="false" />
            <line number="41" hits="0" branch="false" />
            <line number="44" hits="1" branch="false" />
            <line number="47" hits="1" branch="false" />
          </lines>
        </class>
        <class name="Kramp.DotNet.Models.CDM.Amount" filename="/home/runner/work/Kramp.DotNet.Models.CDM/Kramp.DotNet.Models.CDM/CDM/Models/common/CoreComponentTypes/Amount.cs" line-rate="0.6666666666666666" branch-rate="1" complexity="NaN">
          <methods>
            <method name="Amount" signature="()" line-rate="1" branch-rate="1">
              <lines>
                <line number="10" hits="1" branch="false" />
              </lines>
            </method>
            <method name="Amount" signature="(decimal, string)" line-rate="1" branch-rate="1">
              <lines>
                <line number="16" hits="1" branch="false" />
              </lines>
            </method>
            <method name="ToString" signature="()" line-rate="0" branch-rate="1">
              <lines>
                <line number="24" hits="0" branch="false" />
              </lines>
            </method>
          </methods>
          <lines>
            <line number="10" hits="1" branch="false" />
            <line number="16" hits="1" branch="false" />
            <line number="24" hits="0" branch="false" />
          </lines>
        </class>
        <class name="Kramp.DotNet.Models.CDM.BillingReference" filename="/home/runner/work/Kramp.DotNet.Models.CDM/Kramp.DotNet.Models.CDM/CDM/Models/common/CommonAggregateComponents.cs" line-rate="0" branch-rate="1" complexity="NaN">
          <methods>
            <method name="InvoiceDocumentReference" signature="()" line-rate="0" branch-rate="1" complexity="NaN">
              <lines>
                <line number="52" hits="0" branch="false" />
              </lines>
            </method>
            <method name="InvoiceDocumentReference" signature="(Kramp.DotNet.Models.CDM.DocumentReference)" line-rate="0" branch-rate="1" complexity="NaN">
              <lines>
                <line number="52" hits="0" branch="false" />
              </lines>
            </method>
          </methods>
          <lines>
            <line number="52" hits="0" branch="false" />
          </lines>
        </class>
        <class name="Kramp.DotNet.Models.CDM.ClassifiedTaxCategory" filename="/home/runner/work/Kramp.DotNet.Models.CDM/Kramp.DotNet.Models.CDM/CDM/Models/common/CommonAggregateComponents.cs" line-rate="0" branch-rate="1" complexity="NaN">
          <methods>
            <method name="ID" signature="()" line-rate="0" branch-rate="1" complexity="NaN">
              <lines>
                <line number="278" hits="0" branch="false" />
              </lines>
            </method>
            <method name="ID" signature="(Kramp.DotNet.Models.CDM.Identifier)" line-rate="0" branch-rate="1" complexity="NaN">
              <lines>
                <line number="278" hits="0" branch="false" />
              </lines>
            </method>
            <method name="Name" signature="()" line-rate="0" branch-rate="1" complexity="NaN">
              <lines>
                <line number="280" hits="0" branch="false" />
              </lines>
            </method>
            <method name="Name" signature="(Kramp.DotNet.Models.CDM.Name)" line-rate="0" branch-rate="1" complexity="NaN">
              <lines>
                <line number="280" hits="0" branch="false" />
              </lines>
            </method>
            <method name="Percent" signature="()" line-rate="0" branch-rate="1" complexity="NaN">
              <lines>
                <line number="282" hits="0" branch="false" />
              </lines>
            </method>
            <method name="Percent" signature="(Kramp.DotNet.Models.CDM.Percent)" line-rate="0" branch-rate="1" complexity="NaN">
              <lines>
                <line number="282" hits="0" branch="false" />
              </lines>
            </method>
            <method name="TaxScheme" signature="()" line-rate="0" branch-rate="1" complexity="NaN">
              <lines>
                <line number="283" hits="0" branch="false" />
              </lines>
            </method>
            <method name="TaxScheme" signature="(Kramp.DotNet.Models.CDM.TaxScheme)" line-rate="0" branch-rate="1" complexity="NaN">
              <lines>
                <line number="283" hits="0" branch="false" />
              </lines>
            </method>
          </methods>
          <lines>
            <line number="278" hits="0" branch="false" />
            <line number="280" hits="0" branch="false" />
            <line number="282" hits="0" branch="false" />
            <line number="283" hits="0" branch="false" />
          </lines>
        </class>
        <class name="Kramp.DotNet.Models.CDM.Code" filename="/home/runner/work/Kramp.DotNet.Models.CDM/Kramp.DotNet.Models.CDM/CDM/Models/common/CoreComponentTypes/Code.cs" line-rate="0.6666666666666666" branch-rate="1" complexity="NaN">
          <methods>
            <method name="Code" signature="()" line-rate="1" branch-rate="1">
              <lines>
                <line number="10" hits="1" branch="false" />
              </lines>
            </method>
            <method name="Code" signature="(string)" line-rate="1" branch-rate="1">
              <lines>
                <line number="16" hits="1" branch="false" />
              </lines>
            </method>
            <method name="ToString" signature="()" line-rate="0" branch-rate="1">
              <lines>
                <line number="48" hits="0" branch="false" />
              </lines>
            </method>
          </methods>
          <lines>
            <line number="10" hits="1" branch="false" />
            <line number="16" hits="1" branch="false" />
            <line number="48" hits="0" branch="false" />
          </lines>
        </class>
        <class name="Kramp.DotNet.Models.CDM.CommonAggregateComponentAttribute" filename="/home/runner/work/Kramp.DotNet.Models.CDM/Kramp.DotNet.Models.CDM/CDM/Models/CommonAggregateComponentAttribute.cs" line-rate="1" branch-rate="1" complexity="NaN">
          <methods>
            <method name="CommonAggregateComponentAttribute" signature="()" line-rate="1" branch-rate="1">
              <lines>
                <line number="10" hits="1" branch="false" />
                <line number="11" hits="1" branch="false" />
                <line number="12" hits="1" branch="false" />
                <line number="13" hits="1" branch="false" />
                <line number="14" hits="1" branch="false" />
              </lines>
            </method>
          </methods>
          <lines>
            <line number="10" hits="1" branch="false" />
            <line number="11" hits="1" branch="false" />
            <line number="12" hits="1" branch="false" />
            <line number="13" hits="1" branch="false" />
            <line number="14" hits="1" branch="false" />
          </lines>
        </class>
        <class name="Kramp.DotNet.Models.CDM.CommonBasicComponentAttribute" filename="/home/runner/work/Kramp.DotNet.Models.CDM/Kramp.DotNet.Models.CDM/CDM/Models/CommonBasicComponentAttribute.cs" line-rate="1" branch-rate="1" complexity="NaN">
          <methods>
            <method name="CommonBasicComponentAttribute" signature="()" line-rate="1" branch-rate="1">
              <lines>
                <line number="10" hits="1" branch="false" />
                <line number="11" hits="1" branch="false" />
                <line number="12" hits="1" branch="false" />
                <line number="13" hits="1" branch="false" />
                <line number="14" hits="1" branch="false" />
              </lines>
            </method>
          </methods>
          <lines>
            <line number="10" hits="1" branch="false" />
            <line number="11" hits="1" branch="false" />
            <line number="12" hits="1" branch="false" />
            <line number="13" hits="1" branch="false" />
            <line number="14" hits="1" branch="false" />
          </lines>
        </class>
        <class name="Kramp.DotNet.Models.CDM.Contact" filename="/home/runner/work/Kramp.DotNet.Models.CDM/Kramp.DotNet.Models.CDM/CDM/Models/common/CommonAggregateComponents.cs" line-rate="0.6666666666666666" branch-rate="1" complexity="NaN">
          <methods>
            <method name="ID" signature="()" line-rate="1" branch-rate="1" complexity="NaN">
              <lines>
                <line number="564" hits="1" branch="false" />
              </lines>
            </method>
            <method name="ID" signature="(Kramp.DotNet.Models.CDM.Identifier)" line-rate="1" branch-rate="1" complexity="NaN">
              <lines>
                <line number="564" hits="1" branch="false" />
              </lines>
            </method>
            <method name="Name" signature="()" line-rate="1" branch-rate="1" complexity="NaN">
              <lines>
                <line number="566" hits="1" branch="false" />
              </lines>
            </method>
            <method name="Name" signature="(Kramp.DotNet.Models.CDM.Name)" line-rate="1" branch-rate="1" complexity="NaN">
              <lines>
                <line number="566" hits="1" branch="false" />
              </lines>
            </method>
            <method name="Telephone" signature="()" line-rate="1" branch-rate="1" complexity="NaN">
              <lines>
                <line number="568" hits="1" branch="false" />
              </lines>
            </method>
            <method name="Telephone" signature="(Kramp.DotNet.Models.CDM.Text)" line-rate="1" branch-rate="1" complexity="NaN">
              <lines>
                <line number="568" hits="1" branch="false" />
              </lines>
            </method>
            <method name="Telefax" signature="()" line-rate="0" branch-rate="1" complexity="NaN">
              <lines>
                <line number="570" hits="0" branch="false" />
              </lines>
            </method>
            <method name="Telefax" signature="(Kramp.DotNet.Models.CDM.Text)" line-rate="0" branch-rate="1" complexity="NaN">
              <lines>
                <line number="570" hits="0" branch="false" />
              </lines>
            </method>
            <method name="ElectronicMail" signature="()" line-rate="1" branch-rate="1" complexity="NaN">
              <lines>
                <line number="572" hits="1" branch="false" />
              </lines>
            </method>
            <method name="ElectronicMail" signature="(Kramp.DotNet.Models.CDM.Text)" line-rate="1" branch-rate="1" complexity="NaN">
              <lines>
                <line number="572" hits="1" branch="false" />
              </lines>
            </method>
            <method name="Note" signature="()" line-rate="0" branch-rate="1" complexity="NaN">
              <lines>
                <line number="574" hits="0" branch="false" />
              </lines>
            </method>
            <method name="Note" signature="(Kramp.DotNet.Models.CDM.Text)" line-rate="0" branch-rate="1" complexity="NaN">
              <lines>
                <line number="574" hits="0" branch="false" />
              </lines>
            </method>
          </methods>
          <lines>
            <line number="564" hits="1" branch="false" />
            <line number="566" hits="1" branch="false" />
            <line number="568" hits="1" branch="false" />
            <line number="570" hits="0" branch="false" />
            <line number="572" hits="1" branch="false" />
            <line number="574" hits="0" branch="false" />
          </lines>
        </class>
        <class name="Kramp.DotNet.Models.CDM.Country" filename="/home/runner/work/Kramp.DotNet.Models.CDM/Kramp.DotNet.Models.CDM/CDM/Models/common/CommonAggregateComponents.cs" line-rate="1" branch-rate="1" complexity="NaN">
          <methods>
            <method name="IdentificationCode" signature="()" line-rate="1" branch-rate="1" complexity="NaN">
              <lines>
                <line number="59" hits="1" branch="false" />
              </lines>
            </method>
            <method name="IdentificationCode" signature="(Kramp.DotNet.Models.CDM.Code)" line-rate="1" branch-rate="1" complexity="NaN">
              <lines>
                <line number="59" hits="1" branch="false" />
              </lines>
            </method>
          </methods>
          <lines>
            <line number="59" hits="1" branch="false" />
          </lines>
        </class>
        <class name="Kramp.DotNet.Models.CDM.CreditNote" filename="/home/runner/work/Kramp.DotNet.Models.CDM/Kramp.DotNet.Models.CDM/CDM/Models/maindoc/CreditNote.cs" line-rate="1" branch-rate="1" complexity="NaN">
          <methods>
            <method name="UBLVersionID" signature="()" line-rate="1" branch-rate="1" complexity="NaN">
              <lines>
                <line number="7" hits="1" branch="false" />
              </lines>
            </method>
            <method name="UBLVersionID" signature="(Kramp.DotNet.Models.CDM.Identifier)" line-rate="1" branch-rate="1" complexity="NaN">
              <lines>
                <line number="7" hits="1" branch="false" />
              </lines>
            </method>
            <method name="CustomizationID" signature="()" line-rate="1" branch-rate="1" complexity="NaN">
              <lines>
                <line number="10" hits="1" branch="false" />
              </lines>
            </method>
            <method name="CustomizationID" signature="(Kramp.DotNet.Models.CDM.Identifier)" line-rate="1" branch-rate="1" complexity="NaN">
              <lines>
                <line number="10" hits="1" branch="false" />
              </lines>
            </method>
            <method name="ID" signature="()" line-rate="1" branch-rate="1" complexity="NaN">
              <lines>
                <line number="13" hits="1" branch="false" />
              </lines>
            </method>
            <method name="ID" signature="(Kramp.DotNet.Models.CDM.Identifier)" line-rate="1" branch-rate="1" complexity="NaN">
              <lines>
                <line number="13" hits="1" branch="false" />
              </lines>
            </method>
            <method name="CopyIndicator" signature="()" line-rate="1" branch-rate="1" complexity="NaN">
              <lines>
                <line number="16" hits="1" branch="false" />
              </lines>
            </method>
            <method name="CopyIndicator" signature="(Kramp.DotNet.Models.CDM.Indicator)" line-rate="1" branch-rate="1" complexity="NaN">
              <lines>
                <line number="16" hits="1" branch="false" />
              </lines>
            </method>
            <method name="IssueDate" signature="()" line-rate="1" branch-rate="1" complexity="NaN">
              <lines>
                <line number="19" hits="1" branch="false" />
              </lines>
            </method>
            <method name="IssueDate" signature="(Kramp.DotNet.Models.CDM.Date)" line-rate="1" branch-rate="1" complexity="NaN">
              <lines>
                <line number="19" hits="1" branch="false" />
              </lines>
            </method>
            <method name="CreditNoteTypeCode" signature="()" line-rate="1" branch-rate="1" complexity="NaN">
              <lines>
                <line number="22" hits="1" branch="false" />
              </lines>
            </method>
            <method name="CreditNoteTypeCode" signature="(Kramp.DotNet.Models.CDM.Code)" line-rate="1" branch-rate="1" complexity="NaN">
              <lines>
                <line number="22" hits="1" branch="false" />
              </lines>
            </method>
            <method name="TaxPointDate" signature="()" line-rate="1" branch-rate="1" complexity="NaN">
              <lines>
                <line number="25" hits="1" branch="false" />
              </lines>
            </method>
            <method name="TaxPointDate" signature="(Kramp.DotNet.Models.CDM.Date)" line-rate="1" branch-rate="1" complexity="NaN">
              <lines>
                <line number="25" hits="1" branch="false" />
              </lines>
            </method>
            <method name="DocumentCurrencyCode" signature="()" line-rate="1" branch-rate="1" complexity="NaN">
              <lines>
                <line number="28" hits="1" branch="false" />
              </lines>
            </method>
            <method name="DocumentCurrencyCode" signature="(Kramp.DotNet.Models.CDM.Code)" line-rate="1" branch-rate="1" complexity="NaN">
              <lines>
                <line number="28" hits="1" branch="false" />
              </lines>
            </method>
            <method name="OrderReference" signature="()" line-rate="1" branch-rate="1" complexity="NaN">
              <lines>
                <line number="31" hits="1" branch="false" />
              </lines>
            </method>
            <method name="OrderReference" signature="(Kramp.DotNet.Models.CDM.OrderReference)" line-rate="1" branch-rate="1" complexity="NaN">
              <lines>
                <line number="31" hits="1" branch="false" />
              </lines>
            </method>
            <method name="BillingReference" signature="()" line-rate="1" branch-rate="1" complexity="NaN">
              <lines>
                <line number="34" hits="1" branch="false" />
              </lines>
            </method>
            <method name="BillingReference" signature="(Kramp.DotNet.Models.CDM.BillingReference)" line-rate="1" branch-rate="1" complexity="NaN">
              <lines>
                <line number="34" hits="1" branch="false" />
              </lines>
            </method>
            <method name="AccountingSupplierParty" signature="()" line-rate="1" branch-rate="1" complexity="NaN">
              <lines>
                <line number="37" hits="1" branch="false" />
              </lines>
            </method>
            <method name="AccountingSupplierParty" signature="(Kramp.DotNet.Models.CDM.AccountingSupplierParty)" line-rate="1" branch-rate="1" complexity="NaN">
              <lines>
                <line number="37" hits="1" branch="false" />
              </lines>
            </method>
            <method name="AccountingCustomerParty" signature="()" line-rate="1" branch-rate="1" complexity="NaN">
              <lines>
                <line number="40" hits="1" branch="false" />
              </lines>
            </method>
            <method name="AccountingCustomerParty" signature="(Kramp.DotNet.Models.CDM.AccountingCustomerParty)" line-rate="1" branch-rate="1" complexity="NaN">
              <lines>
                <line number="40" hits="1" branch="false" />
              </lines>
            </method>
            <method name="PayeeParty" signature="()" line-rate="1" branch-rate="1" complexity="NaN">
              <lines>
                <line number="43" hits="1" branch="false" />
              </lines>
            </method>
            <method name="PayeeParty" signature="(Kramp.DotNet.Models.CDM.PayeeParty)" line-rate="1" branch-rate="1" complexity="NaN">
              <lines>
                <line number="43" hits="1" branch="false" />
              </lines>
            </method>
            <method name="BuyerCustomerParty" signature="()" line-rate="1" branch-rate="1" complexity="NaN">
              <lines>
                <line number="46" hits="1" branch="false" />
              </lines>
            </method>
            <method name="BuyerCustomerParty" signature="(Kramp.DotNet.Models.CDM.BuyerCustomerParty)" line-rate="1" branch-rate="1" complexity="NaN">
              <lines>
                <line number="46" hits="1" branch="false" />
              </lines>
            </method>
            <method name="SellerSupplierParty" signature="()" line-rate="1" branch-rate="1" complexity="NaN">
              <lines>
                <line number="49" hits="1" branch="false" />
              </lines>
            </method>
            <method name="SellerSupplierParty" signature="(Kramp.DotNet.Models.CDM.SellerSupplierParty)" line-rate="1" branch-rate="1" complexity="NaN">
              <lines>
                <line number="49" hits="1" branch="false" />
              </lines>
            </method>
            <method name="Delivery" signature="()" line-rate="1" branch-rate="1" complexity="NaN">
              <lines>
                <line number="52" hits="1" branch="false" />
              </lines>
            </method>
            <method name="Delivery" signature="(Kramp.DotNet.Models.CDM.Delivery)" line-rate="1" branch-rate="1" complexity="NaN">
              <lines>
                <line number="52" hits="1" branch="false" />
              </lines>
            </method>
            <method name="PaymentMeans" signature="()" line-rate="1" branch-rate="1" complexity="NaN">
              <lines>
                <line number="55" hits="1" branch="false" />
              </lines>
            </method>
            <method name="PaymentMeans" signature="(Kramp.DotNet.Models.CDM.PaymentMeans)" line-rate="1" branch-rate="1" complexity="NaN">
              <lines>
                <line number="55" hits="1" branch="false" />
              </lines>
            </method>
            <method name="PaymentTerms" signature="()" line-rate="1" branch-rate="1" complexity="NaN">
              <lines>
                <line number="58" hits="1" branch="false" />
              </lines>
            </method>
            <method name="PaymentTerms" signature="(Kramp.DotNet.Models.CDM.PaymentTerms)" line-rate="1" branch-rate="1" complexity="NaN">
              <lines>
                <line number="58" hits="1" branch="false" />
              </lines>
            </method>
            <method name="AllowanceCharge" signature="()" line-rate="1" branch-rate="1" complexity="NaN">
              <lines>
                <line number="61" hits="1" branch="false" />
              </lines>
            </method>
            <method name="AllowanceCharge" signature="(Kramp.DotNet.Models.CDM.AllowanceCharge[])" line-rate="1" branch-rate="1" complexity="NaN">
              <lines>
                <line number="61" hits="1" branch="false" />
              </lines>
            </method>
            <method name="TaxTotal" signature="()" line-rate="1" branch-rate="1" complexity="NaN">
              <lines>
                <line number="64" hits="1" branch="false" />
              </lines>
            </method>
            <method name="TaxTotal" signature="(Kramp.DotNet.Models.CDM.TaxTotal[])" line-rate="1" branch-rate="1" complexity="NaN">
              <lines>
                <line number="64" hits="1" branch="false" />
              </lines>
            </method>
            <method name="LegalMonetaryTotal" signature="()" line-rate="1" branch-rate="1" complexity="NaN">
              <lines>
                <line number="67" hits="1" branch="false" />
              </lines>
            </method>
            <method name="LegalMonetaryTotal" signature="(Kramp.DotNet.Models.CDM.LegalMonetaryTotal)" line-rate="1" branch-rate="1" complexity="NaN">
              <lines>
                <line number="67" hits="1" branch="false" />
              </lines>
            </method>
            <method name="CreditNoteLine" signature="()" line-rate="1" branch-rate="1" complexity="NaN">
              <lines>
                <line number="70" hits="1" branch="false" />
              </lines>
            </method>
            <method name="CreditNoteLine" signature="(Kramp.DotNet.Models.CDM.CreditNoteLine[])" line-rate="1" branch-rate="1" complexity="NaN">
              <lines>
                <line number="70" hits="1" branch="false" />
              </lines>
            </method>
          </methods>
          <lines>
            <line number="7" hits="1" branch="false" />
            <line number="10" hits="1" branch="false" />
            <line number="13" hits="1" branch="false" />
            <line number="16" hits="1" branch="false" />
            <line number="19" hits="1" branch="false" />
            <line number="22" hits="1" branch="false" />
            <line number="25" hits="1" branch="false" />
            <line number="28" hits="1" branch="false" />
            <line number="31" hits="1" branch="false" />
            <line number="34" hits="1" branch="false" />
            <line number="37" hits="1" branch="false" />
            <line number="40" hits="1" branch="false" />
            <line number="43" hits="1" branch="false" />
            <line number="46" hits="1" branch="false" />
            <line number="49" hits="1" branch="false" />
            <line number="52" hits="1" branch="false" />
            <line number="55" hits="1" branch="false" />
            <line number="58" hits="1" branch="false" />
            <line number="61" hits="1" branch="false" />
            <line number="64" hits="1" branch="false" />
            <line number="67" hits="1" branch="false" />
            <line number="70" hits="1" branch="false" />
          </lines>
        </class>
        <class name="Kramp.DotNet.Models.CDM.CreditNoteLine" filename="/home/runner/work/Kramp.DotNet.Models.CDM/Kramp.DotNet.Models.CDM/CDM/Models/common/CommonAggregateComponents.cs" line-rate="1" branch-rate="1" complexity="NaN">
          <methods>
            <method name="ID" signature="()" line-rate="1" branch-rate="1" complexity="NaN">
              <lines>
                <line number="152" hits="1" branch="false" />
              </lines>
            </method>
            <method name="ID" signature="(Kramp.DotNet.Models.CDM.Identifier)" line-rate="1" branch-rate="1" complexity="NaN">
              <lines>
                <line number="152" hits="1" branch="false" />
              </lines>
            </method>
            <method name="UUID" signature="()" line-rate="1" branch-rate="1" complexity="NaN">
              <lines>
                <line number="154" hits="1" branch="false" />
              </lines>
            </method>
            <method name="UUID" signature="(Kramp.DotNet.Models.CDM.Identifier)" line-rate="1" branch-rate="1" complexity="NaN">
              <lines>
                <line number="154" hits="1" branch="false" />
              </lines>
            </method>
            <method name="Note" signature="()" line-rate="1" branch-rate="1" complexity="NaN">
              <lines>
                <line number="156" hits="1" branch="false" />
              </lines>
            </method>
            <method name="Note" signature="(Kramp.DotNet.Models.CDM.Text[])" line-rate="1" branch-rate="1" complexity="NaN">
              <lines>
                <line number="156" hits="1" branch="false" />
              </lines>
            </method>
            <method name="CreditedQuantity" signature="()" line-rate="1" branch-rate="1" complexity="NaN">
              <lines>
                <line number="158" hits="1" branch="false" />
              </lines>
            </method>
            <method name="CreditedQuantity" signature="(Kramp.DotNet.Models.CDM.Quantity)" line-rate="1" branch-rate="1" complexity="NaN">
              <lines>
                <line number="158" hits="1" branch="false" />
              </lines>
            </method>
            <method name="LineExtensionAmount" signature="()" line-rate="1" branch-rate="1" complexity="NaN">
              <lines>
                <line number="160" hits="1" branch="false" />
              </lines>
            </method>
            <method name="LineExtensionAmount" signature="(Kramp.DotNet.Models.CDM.Amount)" line-rate="1" branch-rate="1" complexity="NaN">
              <lines>
                <line number="160" hits="1" branch="false" />
              </lines>
            </method>
            <method name="TaxInclusiveLineExtensionAmount" signature="()" line-rate="1" branch-rate="1" complexity="NaN">
              <lines>
                <line number="162" hits="1" branch="false" />
              </lines>
            </method>
            <method name="TaxInclusiveLineExtensionAmount" signature="(Kramp.DotNet.Models.CDM.Amount)" line-rate="1" branch-rate="1" complexity="NaN">
              <lines>
                <line number="162" hits="1" branch="false" />
              </lines>
            </method>
            <method name="TaxPointDate" signature="()" line-rate="1" branch-rate="1" complexity="NaN">
              <lines>
                <line number="164" hits="1" branch="false" />
              </lines>
            </method>
            <method name="TaxPointDate" signature="(Kramp.DotNet.Models.CDM.Date)" line-rate="1" branch-rate="1" complexity="NaN">
              <lines>
                <line number="164" hits="1" branch="false" />
              </lines>
            </method>
            <method name="AccountingCostCode" signature="()" line-rate="1" branch-rate="1" complexity="NaN">
              <lines>
                <line number="166" hits="1" branch="false" />
              </lines>
            </method>
            <method name="AccountingCostCode" signature="(Kramp.DotNet.Models.CDM.Code)" line-rate="1" branch-rate="1" complexity="NaN">
              <lines>
                <line number="166" hits="1" branch="false" />
              </lines>
            </method>
            <method name="AccountingCost" signature="()" line-rate="1" branch-rate="1" complexity="NaN">
              <lines>
                <line number="168" hits="1" branch="false" />
              </lines>
            </method>
            <method name="AccountingCost" signature="(Kramp.DotNet.Models.CDM.Text)" line-rate="1" branch-rate="1" complexity="NaN">
              <lines>
                <line number="168" hits="1" branch="false" />
              </lines>
            </method>
            <method name="PaymentPurposeCode" signature="()" line-rate="1" branch-rate="1" complexity="NaN">
              <lines>
                <line number="170" hits="1" branch="false" />
              </lines>
            </method>
            <method name="PaymentPurposeCode" signature="(Kramp.DotNet.Models.CDM.Code)" line-rate="1" branch-rate="1" complexity="NaN">
              <lines>
                <line number="170" hits="1" branch="false" />
              </lines>
            </method>
            <method name="FreeOfChargeIndicator" signature="()" line-rate="1" branch-rate="1" complexity="NaN">
              <lines>
                <line number="172" hits="1" branch="false" />
              </lines>
            </method>
            <method name="FreeOfChargeIndicator" signature="(Kramp.DotNet.Models.CDM.Indicator)" line-rate="1" branch-rate="1" complexity="NaN">
              <lines>
                <line number="172" hits="1" branch="false" />
              </lines>
            </method>
            <method name="InvoicePeriod" signature="()" line-rate="1" branch-rate="1" complexity="NaN">
              <lines>
                <line number="174" hits="1" branch="false" />
              </lines>
            </method>
            <method name="InvoicePeriod" signature="(Kramp.DotNet.Models.CDM.Period[])" line-rate="1" branch-rate="1" complexity="NaN">
              <lines>
                <line number="174" hits="1" branch="false" />
              </lines>
            </method>
            <method name="OrderLineReference" signature="()" line-rate="1" branch-rate="1" complexity="NaN">
              <lines>
                <line number="176" hits="1" branch="false" />
              </lines>
            </method>
            <method name="OrderLineReference" signature="(Kramp.DotNet.Models.CDM.OrderLineReference[])" line-rate="1" branch-rate="1" complexity="NaN">
              <lines>
                <line number="176" hits="1" branch="false" />
              </lines>
            </method>
            <method name="PricingReference" signature="()" line-rate="1" branch-rate="1" complexity="NaN">
              <lines>
                <line number="178" hits="1" branch="false" />
              </lines>
            </method>
            <method name="PricingReference" signature="(Kramp.DotNet.Models.CDM.PricingReference[])" line-rate="1" branch-rate="1" complexity="NaN">
              <lines>
                <line number="178" hits="1" branch="false" />
              </lines>
            </method>
            <method name="Delivery" signature="()" line-rate="1" branch-rate="1" complexity="NaN">
              <lines>
                <line number="179" hits="1" branch="false" />
              </lines>
            </method>
            <method name="Delivery" signature="(Kramp.DotNet.Models.CDM.Delivery)" line-rate="1" branch-rate="1" complexity="NaN">
              <lines>
                <line number="179" hits="1" branch="false" />
              </lines>
            </method>
            <method name="TaxTotal" signature="()" line-rate="1" branch-rate="1" complexity="NaN">
              <lines>
                <line number="180" hits="1" branch="false" />
              </lines>
            </method>
            <method name="TaxTotal" signature="(Kramp.DotNet.Models.CDM.TaxTotal)" line-rate="1" branch-rate="1" complexity="NaN">
              <lines>
                <line number="180" hits="1" branch="false" />
              </lines>
            </method>
            <method name="Item" signature="()" line-rate="1" branch-rate="1" complexity="NaN">
              <lines>
                <line number="182" hits="1" branch="false" />
              </lines>
            </method>
            <method name="Item" signature="(Kramp.DotNet.Models.CDM.Item)" line-rate="1" branch-rate="1" complexity="NaN">
              <lines>
                <line number="182" hits="1" branch="false" />
              </lines>
            </method>
            <method name="Price" signature="()" line-rate="1" branch-rate="1" complexity="NaN">
              <lines>
                <line number="183" hits="1" branch="false" />
              </lines>
            </method>
            <method name="Price" signature="(Kramp.DotNet.Models.CDM.Price)" line-rate="1" branch-rate="1" complexity="NaN">
              <lines>
                <line number="183" hits="1" branch="false" />
              </lines>
            </method>
            <method name="DeliveryTerms" signature="()" line-rate="1" branch-rate="1" complexity="NaN">
              <lines>
                <line number="184" hits="1" branch="false" />
              </lines>
            </method>
            <method name="DeliveryTerms" signature="(Kramp.DotNet.Models.CDM.DeliveryTerms)" line-rate="1" branch-rate="1" complexity="NaN">
              <lines>
                <line number="184" hits="1" branch="false" />
              </lines>
            </method>
          </methods>
          <lines>
            <line number="152" hits="1" branch="false" />
            <line number="154" hits="1" branch="false" />
            <line number="156" hits="1" branch="false" />
            <line number="158" hits="1" branch="false" />
            <line number="160" hits="1" branch="false" />
            <line number="162" hits="1" branch="false" />
            <line number="164" hits="1" branch="false" />
            <line number="166" hits="1" branch="false" />
            <line number="168" hits="1" branch="false" />
            <line number="170" hits="1" branch="false" />
            <line number="172" hits="1" branch="false" />
            <line number="174" hits="1" branch="false" />
            <line number="176" hits="1" branch="false" />
            <line number="178" hits="1" branch="false" />
            <line number="179" hits="1" branch="false" />
            <line number="180" hits="1" branch="false" />
            <line number="182" hits="1" branch="false" />
            <line number="183" hits="1" branch="false" />
            <line number="184" hits="1" branch="false" />
          </lines>
        </class>
        <class name="Kramp.DotNet.Models.CDM.CustomerParty" filename="/home/runner/work/Kramp.DotNet.Models.CDM/Kramp.DotNet.Models.CDM/CDM/Models/common/CommonAggregateComponents.cs" line-rate="1" branch-rate="1" complexity="NaN">
          <methods>
            <method name="CustomerAssignedAccountID" signature="()" line-rate="1" branch-rate="1" complexity="NaN">
              <lines>
                <line number="65" hits="1" branch="false" />
              </lines>
            </method>
            <method name="CustomerAssignedAccountID" signature="(Kramp.DotNet.Models.CDM.Identifier)" line-rate="1" branch-rate="1" complexity="NaN">
              <lines>
                <line number="65" hits="1" branch="false" />
              </lines>
            </method>
            <method name="SupplierAssignedAccountID" signature="()" line-rate="1" branch-rate="1" complexity="NaN">
              <lines>
                <line number="67" hits="1" branch="false" />
              </lines>
            </method>
            <method name="SupplierAssignedAccountID" signature="(Kramp.DotNet.Models.CDM.Identifier)" line-rate="1" branch-rate="1" complexity="NaN">
              <lines>
                <line number="67" hits="1" branch="false" />
              </lines>
            </method>
            <method name="AdditionalAccountID" signature="()" line-rate="1" branch-rate="1" complexity="NaN">
              <lines>
                <line number="69" hits="1" branch="false" />
              </lines>
            </method>
            <method name="AdditionalAccountID" signature="(Kramp.DotNet.Models.CDM.Identifier)" line-rate="1" branch-rate="1" complexity="NaN">
              <lines>
                <line number="69" hits="1" branch="false" />
              </lines>
            </method>
            <method name="Party" signature="()" line-rate="1" branch-rate="1" complexity="NaN">
              <lines>
                <line number="70" hits="1" branch="false" />
              </lines>
            </method>
            <method name="Party" signature="(Kramp.DotNet.Models.CDM.Party)" line-rate="1" branch-rate="1" complexity="NaN">
              <lines>
                <line number="70" hits="1" branch="false" />
              </lines>
            </method>
            <method name="BuyerContact" signature="()" line-rate="1" branch-rate="1" complexity="NaN">
              <lines>
                <line number="71" hits="1" branch="false" />
              </lines>
            </method>
            <method name="BuyerContact" signature="(Kramp.DotNet.Models.CDM.Contact)" line-rate="1" branch-rate="1" complexity="NaN">
              <lines>
                <line number="71" hits="1" branch="false" />
              </lines>
            </method>
          </methods>
          <lines>
            <line number="65" hits="1" branch="false" />
            <line number="67" hits="1" branch="false" />
            <line number="69" hits="1" branch="false" />
            <line number="70" hits="1" branch="false" />
            <line number="71" hits="1" branch="false" />
          </lines>
        </class>
        <class name="Kramp.DotNet.Models.CDM.Date" filename="/home/runner/work/Kramp.DotNet.Models.CDM/Kramp.DotNet.Models.CDM/CDM/Models/common/CoreComponentTypes/Date.cs" line-rate="0.6666666666666666" branch-rate="1" complexity="NaN">
          <methods>
            <method name="Date" signature="()" line-rate="1" branch-rate="1">
              <lines>
                <line number="10" hits="1" branch="false" />
              </lines>
            </method>
            <method name="Date" signature="(string)" line-rate="1" branch-rate="1">
              <lines>
                <line number="16" hits="1" branch="false" />
              </lines>
            </method>
            <method name="ToString" signature="()" line-rate="0" branch-rate="1">
              <lines>
                <line number="21" hits="0" branch="false" />
              </lines>
            </method>
          </methods>
          <lines>
            <line number="10" hits="1" branch="false" />
            <line number="16" hits="1" branch="false" />
            <line number="21" hits="0" branch="false" />
          </lines>
        </class>
        <class name="Kramp.DotNet.Models.CDM.Delivery" filename="/home/runner/work/Kramp.DotNet.Models.CDM/Kramp.DotNet.Models.CDM/CDM/Models/common/CommonAggregateComponents.cs" line-rate="1" branch-rate="1" complexity="NaN">
          <methods>
            <method name="Quantity" signature="()" line-rate="1" branch-rate="1" complexity="NaN">
              <lines>
                <line number="92" hits="1" branch="false" />
              </lines>
            </method>
            <method name="Quantity" signature="(Kramp.DotNet.Models.CDM.Quantity)" line-rate="1" branch-rate="1" complexity="NaN">
              <lines>
                <line number="92" hits="1" branch="false" />
              </lines>
            </method>
            <method name="ActualDeliveryDate" signature="()" line-rate="1" branch-rate="1" complexity="NaN">
              <lines>
                <line number="94" hits="1" branch="false" />
              </lines>
            </method>
            <method name="ActualDeliveryDate" signature="(Kramp.DotNet.Models.CDM.Date)" line-rate="1" branch-rate="1" complexity="NaN">
              <lines>
                <line number="94" hits="1" branch="false" />
              </lines>
            </method>
            <method name="DeliveryParty" signature="()" line-rate="1" branch-rate="1" complexity="NaN">
              <lines>
                <line number="95" hits="1" branch="false" />
              </lines>
            </method>
            <method name="DeliveryParty" signature="(Kramp.DotNet.Models.CDM.DeliveryParty)" line-rate="1" branch-rate="1" complexity="NaN">
              <lines>
                <line number="95" hits="1" branch="false" />
              </lines>
            </method>
            <method name="RequestedDeliveryPeriod" signature="()" line-rate="1" branch-rate="1" complexity="NaN">
              <lines>
                <line number="96" hits="1" branch="false" />
              </lines>
            </method>
            <method name="RequestedDeliveryPeriod" signature="(Kramp.DotNet.Models.CDM.RequestedDeliveryPeriod)" line-rate="1" branch-rate="1" complexity="NaN">
              <lines>
                <line number="96" hits="1" branch="false" />
              </lines>
            </method>
            <method name="PromisedDeliveryPeriod" signature="()" line-rate="1" branch-rate="1" complexity="NaN">
              <lines>
                <line number="97" hits="1" branch="false" />
              </lines>
            </method>
            <method name="PromisedDeliveryPeriod" signature="(Kramp.DotNet.Models.CDM.PromisedDeliveryPeriod)" line-rate="1" branch-rate="1" complexity="NaN">
              <lines>
                <line number="97" hits="1" branch="false" />
              </lines>
            </method>
            <method name="EstimatedDeliveryPeriod" signature="()" line-rate="1" branch-rate="1" complexity="NaN">
              <lines>
                <line number="98" hits="1" branch="false" />
              </lines>
            </method>
            <method name="EstimatedDeliveryPeriod" signature="(Kramp.DotNet.Models.CDM.EstimatedDeliveryPeriod)" line-rate="1" branch-rate="1" complexity="NaN">
              <lines>
                <line number="98" hits="1" branch="false" />
              </lines>
            </method>
            <method name="Despatch" signature="()" line-rate="1" branch-rate="1" complexity="NaN">
              <lines>
                <line number="99" hits="1" branch="false" />
              </lines>
            </method>
            <method name="Despatch" signature="(Kramp.DotNet.Models.CDM.Despatch)" line-rate="1" branch-rate="1" complexity="NaN">
              <lines>
                <line number="99" hits="1" branch="false" />
              </lines>
            </method>
            <method name="Shipment" signature="()" line-rate="1" branch-rate="1" complexity="NaN">
              <lines>
                <line number="100" hits="1" branch="false" />
              </lines>
            </method>
            <method name="Shipment" signature="(Kramp.DotNet.Models.CDM.Shipment)" line-rate="1" branch-rate="1" complexity="NaN">
              <lines>
                <line number="100" hits="1" branch="false" />
              </lines>
            </method>
          </methods>
          <lines>
            <line number="92" hits="1" branch="false" />
            <line number="94" hits="1" branch="false" />
            <line number="95" hits="1" branch="false" />
            <line number="96" hits="1" branch="false" />
            <line number="97" hits="1" branch="false" />
            <line number="98" hits="1" branch="false" />
            <line number="99" hits="1" branch="false" />
            <line number="100" hits="1" branch="false" />
          </lines>
        </class>
        <class name="Kramp.DotNet.Models.CDM.DeliveryLocation" filename="/home/runner/work/Kramp.DotNet.Models.CDM/Kramp.DotNet.Models.CDM/CDM/Models/common/CommonAggregateComponents.cs" line-rate="0" branch-rate="1" complexity="NaN">
          <methods>
            <method name="ID" signature="()" line-rate="0" branch-rate="1" complexity="NaN">
              <lines>
                <line number="617" hits="0" branch="false" />
              </lines>
            </method>
            <method name="ID" signature="(Kramp.DotNet.Models.CDM.Identifier)" line-rate="0" branch-rate="1" complexity="NaN">
              <lines>
                <line number="617" hits="0" branch="false" />
              </lines>
            </method>
            <method name="Description" signature="()" line-rate="0" branch-rate="1" complexity="NaN">
              <lines>
                <line number="619" hits="0" branch="false" />
              </lines>
            </method>
            <method name="Description" signature="(Kramp.DotNet.Models.CDM.Text)" line-rate="0" branch-rate="1" complexity="NaN">
              <lines>
                <line number="619" hits="0" branch="false" />
              </lines>
            </method>
            <method name="Address" signature="()" line-rate="0" branch-rate="1" complexity="NaN">
              <lines>
                <line number="620" hits="0" branch="false" />
              </lines>
            </method>
            <method name="Address" signature="(Kramp.DotNet.Models.CDM.Address)" line-rate="0" branch-rate="1" complexity="NaN">
              <lines>
                <line number="620" hits="0" branch="false" />
              </lines>
            </method>
          </methods>
          <lines>
            <line number="617" hits="0" branch="false" />
            <line number="619" hits="0" branch="false" />
            <line number="620" hits="0" branch="false" />
          </lines>
        </class>
        <class name="Kramp.DotNet.Models.CDM.DeliveryPeriod" filename="/home/runner/work/Kramp.DotNet.Models.CDM/Kramp.DotNet.Models.CDM/CDM/Models/common/CommonAggregateComponents.cs" line-rate="1" branch-rate="1" complexity="NaN">
          <methods>
            <method name="StartDate" signature="()" line-rate="1" branch-rate="1" complexity="NaN">
              <lines>
                <line number="236" hits="1" branch="false" />
              </lines>
            </method>
            <method name="StartDate" signature="(Kramp.DotNet.Models.CDM.Date)" line-rate="1" branch-rate="1" complexity="NaN">
              <lines>
                <line number="236" hits="1" branch="false" />
              </lines>
            </method>
            <method name="EndDate" signature="()" line-rate="1" branch-rate="1" complexity="NaN">
              <lines>
                <line number="238" hits="1" branch="false" />
              </lines>
            </method>
            <method name="EndDate" signature="(Kramp.DotNet.Models.CDM.Date)" line-rate="1" branch-rate="1" complexity="NaN">
              <lines>
                <line number="238" hits="1" branch="false" />
              </lines>
            </method>
          </methods>
          <lines>
            <line number="236" hits="1" branch="false" />
            <line number="238" hits="1" branch="false" />
          </lines>
        </class>
        <class name="Kramp.DotNet.Models.CDM.DeliveryTerms" filename="/home/runner/work/Kramp.DotNet.Models.CDM/Kramp.DotNet.Models.CDM/CDM/Models/common/CommonAggregateComponents.cs" line-rate="0" branch-rate="1" complexity="NaN">
          <methods>
            <method name="ID" signature="()" line-rate="0" branch-rate="1" complexity="NaN">
              <lines>
                <line number="609" hits="0" branch="false" />
              </lines>
            </method>
            <method name="ID" signature="(Kramp.DotNet.Models.CDM.Identifier)" line-rate="0" branch-rate="1" complexity="NaN">
              <lines>
                <line number="609" hits="0" branch="false" />
              </lines>
            </method>
            <method name="SpecialTerms" signature="()" line-rate="0" branch-rate="1" complexity="NaN">
              <lines>
                <line number="611" hits="0" branch="false" />
              </lines>
            </method>
            <method name="SpecialTerms" signature="(Kramp.DotNet.Models.CDM.Text)" line-rate="0" branch-rate="1" complexity="NaN">
              <lines>
                <line number="611" hits="0" branch="false" />
              </lines>
            </method>
            <method name="DeliveryLocation" signature="()" line-rate="0" branch-rate="1" complexity="NaN">
              <lines>
                <line number="612" hits="0" branch="false" />
              </lines>
            </method>
            <method name="DeliveryLocation" signature="(Kramp.DotNet.Models.CDM.DeliveryLocation)" line-rate="0" branch-rate="1" complexity="NaN">
              <lines>
                <line number="612" hits="0" branch="false" />
              </lines>
            </method>
          </methods>
          <lines>
            <line number="609" hits="0" branch="false" />
            <line number="611" hits="0" branch="false" />
            <line number="612" hits="0" branch="false" />
          </lines>
        </class>
        <class name="Kramp.DotNet.Models.CDM.Despatch" filename="/home/runner/work/Kramp.DotNet.Models.CDM/Kramp.DotNet.Models.CDM/CDM/Models/common/CommonAggregateComponents.cs" line-rate="1" branch-rate="1" complexity="NaN">
          <methods>
            <method name="ID" signature="()" line-rate="1" branch-rate="1" complexity="NaN">
              <lines>
                <line number="391" hits="1" branch="false" />
              </lines>
            </method>
            <method name="ID" signature="(Kramp.DotNet.Models.CDM.Identifier)" line-rate="1" branch-rate="1" complexity="NaN">
              <lines>
                <line number="391" hits="1" branch="false" />
              </lines>
            </method>
            <method name="EstimatedDespatchDate" signature="()" line-rate="1" branch-rate="1" complexity="NaN">
              <lines>
                <line number="393" hits="1" branch="false" />
              </lines>
            </method>
            <method name="EstimatedDespatchDate" signature="(Kramp.DotNet.Models.CDM.Date)" line-rate="1" branch-rate="1" complexity="NaN">
              <lines>
                <line number="393" hits="1" branch="false" />
              </lines>
            </method>
            <method name="ActualDespatchDate" signature="()" line-rate="1" branch-rate="1" complexity="NaN">
              <lines>
                <line number="395" hits="1" branch="false" />
              </lines>
            </method>
            <method name="ActualDespatchDate" signature="(Kramp.DotNet.Models.CDM.Date)" line-rate="1" branch-rate="1" complexity="NaN">
              <lines>
                <line number="395" hits="1" branch="false" />
              </lines>
            </method>
          </methods>
          <lines>
            <line number="391" hits="1" branch="false" />
            <line number="393" hits="1" branch="false" />
            <line number="395" hits="1" branch="false" />
          </lines>
        </class>
        <class name="Kramp.DotNet.Models.CDM.DespatchAdvice" filename="/home/runner/work/Kramp.DotNet.Models.CDM/Kramp.DotNet.Models.CDM/CDM/Models/maindoc/DespatchAdvice.cs" line-rate="1" branch-rate="1" complexity="NaN">
          <methods>
            <method name="ID" signature="()" line-rate="1" branch-rate="1" complexity="NaN">
              <lines>
                <line number="7" hits="1" branch="false" />
              </lines>
            </method>
            <method name="ID" signature="(Kramp.DotNet.Models.CDM.Identifier)" line-rate="1" branch-rate="1" complexity="NaN">
              <lines>
                <line number="7" hits="1" branch="false" />
              </lines>
            </method>
            <method name="IssueDate" signature="()" line-rate="1" branch-rate="1" complexity="NaN">
              <lines>
                <line number="10" hits="1" branch="false" />
              </lines>
            </method>
            <method name="IssueDate" signature="(Kramp.DotNet.Models.CDM.Date)" line-rate="1" branch-rate="1" complexity="NaN">
              <lines>
                <line number="10" hits="1" branch="false" />
              </lines>
            </method>
            <method name="OrderReference" signature="()" line-rate="1" branch-rate="1" complexity="NaN">
              <lines>
                <line number="13" hits="1" branch="false" />
              </lines>
            </method>
            <method name="OrderReference" signature="(Kramp.DotNet.Models.CDM.OrderReference)" line-rate="1" branch-rate="1" complexity="NaN">
              <lines>
                <line number="13" hits="1" branch="false" />
              </lines>
            </method>
            <method name="DespatchSupplierParty" signature="()" line-rate="1" branch-rate="1" complexity="NaN">
              <lines>
                <line number="16" hits="1" branch="false" />
              </lines>
            </method>
            <method name="DespatchSupplierParty" signature="(Kramp.DotNet.Models.CDM.DespatchSupplierParty)" line-rate="1" branch-rate="1" complexity="NaN">
              <lines>
                <line number="16" hits="1" branch="false" />
              </lines>
            </method>
            <method name="DeliveryCustomerParty" signature="()" line-rate="1" branch-rate="1" complexity="NaN">
              <lines>
                <line number="19" hits="1" branch="false" />
              </lines>
            </method>
            <method name="DeliveryCustomerParty" signature="(Kramp.DotNet.Models.CDM.DeliveryCustomerParty)" line-rate="1" branch-rate="1" complexity="NaN">
              <lines>
                <line number="19" hits="1" branch="false" />
              </lines>
            </method>
            <method name="BuyerCustomerParty" signature="()" line-rate="1" branch-rate="1" complexity="NaN">
              <lines>
                <line number="22" hits="1" branch="false" />
              </lines>
            </method>
            <method name="BuyerCustomerParty" signature="(Kramp.DotNet.Models.CDM.BuyerCustomerParty)" line-rate="1" branch-rate="1" complexity="NaN">
              <lines>
                <line number="22" hits="1" branch="false" />
              </lines>
            </method>
            <method name="SellerSupplierParty" signature="()" line-rate="1" branch-rate="1" complexity="NaN">
              <lines>
                <line number="25" hits="1" branch="false" />
              </lines>
            </method>
            <method name="SellerSupplierParty" signature="(Kramp.DotNet.Models.CDM.SellerSupplierParty)" line-rate="1" branch-rate="1" complexity="NaN">
              <lines>
                <line number="25" hits="1" branch="false" />
              </lines>
            </method>
            <method name="Shipment" signature="()" line-rate="1" branch-rate="1" complexity="NaN">
              <lines>
                <line number="28" hits="1" branch="false" />
              </lines>
            </method>
            <method name="Shipment" signature="(Kramp.DotNet.Models.CDM.Shipment)" line-rate="1" branch-rate="1" complexity="NaN">
              <lines>
                <line number="28" hits="1" branch="false" />
              </lines>
            </method>
            <method name="DespatchLine" signature="()" line-rate="1" branch-rate="1" complexity="NaN">
              <lines>
                <line number="31" hits="1" branch="false" />
              </lines>
            </method>
            <method name="DespatchLine" signature="(Kramp.DotNet.Models.CDM.DespatchLine[])" line-rate="1" branch-rate="1" complexity="NaN">
              <lines>
                <line number="31" hits="1" branch="false" />
              </lines>
            </method>
          </methods>
          <lines>
            <line number="7" hits="1" branch="false" />
            <line number="10" hits="1" branch="false" />
            <line number="13" hits="1" branch="false" />
            <line number="16" hits="1" branch="false" />
            <line number="19" hits="1" branch="false" />
            <line number="22" hits="1" branch="false" />
            <line number="25" hits="1" branch="false" />
            <line number="28" hits="1" branch="false" />
            <line number="31" hits="1" branch="false" />
          </lines>
        </class>
        <class name="Kramp.DotNet.Models.CDM.DespatchLine" filename="/home/runner/work/Kramp.DotNet.Models.CDM/Kramp.DotNet.Models.CDM/CDM/Models/common/CommonAggregateComponents.cs" line-rate="1" branch-rate="1" complexity="NaN">
          <methods>
            <method name="ID" signature="()" line-rate="1" branch-rate="1" complexity="NaN">
              <lines>
                <line number="190" hits="1" branch="false" />
              </lines>
            </method>
            <method name="ID" signature="(Kramp.DotNet.Models.CDM.Identifier)" line-rate="1" branch-rate="1" complexity="NaN">
              <lines>
                <line number="190" hits="1" branch="false" />
              </lines>
            </method>
            <method name="DeliveredQuantity" signature="()" line-rate="1" branch-rate="1" complexity="NaN">
              <lines>
                <line number="193" hits="1" branch="false" />
              </lines>
            </method>
            <method name="DeliveredQuantity" signature="(Kramp.DotNet.Models.CDM.Quantity)" line-rate="1" branch-rate="1" complexity="NaN">
              <lines>
                <line number="193" hits="1" branch="false" />
              </lines>
            </method>
            <method name="OrderLineReference" signature="()" line-rate="1" branch-rate="1" complexity="NaN">
              <lines>
                <line number="196" hits="1" branch="false" />
              </lines>
            </method>
            <method name="OrderLineReference" signature="(Kramp.DotNet.Models.CDM.OrderLineReference)" line-rate="1" branch-rate="1" complexity="NaN">
              <lines>
                <line number="196" hits="1" branch="false" />
              </lines>
            </method>
            <method name="Item" signature="()" line-rate="1" branch-rate="1" complexity="NaN">
              <lines>
                <line number="199" hits="1" branch="false" />
              </lines>
            </method>
            <method name="Item" signature="(Kramp.DotNet.Models.CDM.Item)" line-rate="1" branch-rate="1" complexity="NaN">
              <lines>
                <line number="199" hits="1" branch="false" />
              </lines>
            </method>
            <method name="Shipment" signature="()" line-rate="1" branch-rate="1" complexity="NaN">
              <lines>
                <line number="202" hits="1" branch="false" />
              </lines>
            </method>
            <method name="Shipment" signature="(Kramp.DotNet.Models.CDM.Shipment)" line-rate="1" branch-rate="1" complexity="NaN">
              <lines>
                <line number="202" hits="1" branch="false" />
              </lines>
            </method>
          </methods>
          <lines>
            <line number="190" hits="1" branch="false" />
            <line number="193" hits="1" branch="false" />
            <line number="196" hits="1" branch="false" />
            <line number="199" hits="1" branch="false" />
            <line number="202" hits="1" branch="false" />
          </lines>
        </class>
        <class name="Kramp.DotNet.Models.CDM.DocumentReference" filename="/home/runner/work/Kramp.DotNet.Models.CDM/Kramp.DotNet.Models.CDM/CDM/Models/common/CommonAggregateComponents.cs" line-rate="0" branch-rate="1" complexity="NaN">
          <methods>
            <method name="ID" signature="()" line-rate="0" branch-rate="1" complexity="NaN">
              <lines>
                <line number="369" hits="0" branch="false" />
              </lines>
            </method>
            <method name="ID" signature="(Kramp.DotNet.Models.CDM.Identifier)" line-rate="0" branch-rate="1" complexity="NaN">
              <lines>
                <line number="369" hits="0" branch="false" />
              </lines>
            </method>
            <method name="DocumentType" signature="()" line-rate="0" branch-rate="1" complexity="NaN">
              <lines>
                <line number="371" hits="0" branch="false" />
              </lines>
            </method>
            <method name="DocumentType" signature="(Kramp.DotNet.Models.CDM.Text)" line-rate="0" branch-rate="1" complexity="NaN">
              <lines>
                <line number="371" hits="0" branch="false" />
              </lines>
            </method>
          </methods>
          <lines>
            <line number="369" hits="0" branch="false" />
            <line number="371" hits="0" branch="false" />
          </lines>
        </class>
        <class name="Kramp.DotNet.Models.CDM.FinancialInstitution" filename="/home/runner/work/Kramp.DotNet.Models.CDM/Kramp.DotNet.Models.CDM/CDM/Models/common/CommonAggregateComponents.cs" line-rate="0" branch-rate="1" complexity="NaN">
          <methods>
            <method name="ID" signature="()" line-rate="0" branch-rate="1" complexity="NaN">
              <lines>
                <line number="599" hits="0" branch="false" />
              </lines>
            </method>
            <method name="ID" signature="(Kramp.DotNet.Models.CDM.Identifier)" line-rate="0" branch-rate="1" complexity="NaN">
              <lines>
                <line number="599" hits="0" branch="false" />
              </lines>
            </method>
          </methods>
          <lines>
            <line number="599" hits="0" branch="false" />
          </lines>
        </class>
        <class name="Kramp.DotNet.Models.CDM.FinancialInstitutionBranch" filename="/home/runner/work/Kramp.DotNet.Models.CDM/Kramp.DotNet.Models.CDM/CDM/Models/common/CommonAggregateComponents.cs" line-rate="0" branch-rate="1" complexity="NaN">
          <methods>
            <method name="FinancialInstitution" signature="()" line-rate="0" branch-rate="1" complexity="NaN">
              <lines>
                <line number="594" hits="0" branch="false" />
              </lines>
            </method>
            <method name="FinancialInstitution" signature="(Kramp.DotNet.Models.CDM.FinancialInstitution)" line-rate="0" branch-rate="1" complexity="NaN">
              <lines>
                <line number="594" hits="0" branch="false" />
              </lines>
            </method>
          </methods>
          <lines>
            <line number="594" hits="0" branch="false" />
          </lines>
        </class>
        <class name="Kramp.DotNet.Models.CDM.GoodsItem" filename="/home/runner/work/Kramp.DotNet.Models.CDM/Kramp.DotNet.Models.CDM/CDM/Models/common/CommonAggregateComponents.cs" line-rate="0" branch-rate="1" complexity="NaN">
          <methods>
            <method name="RequiredCustomsID" signature="()" line-rate="0" branch-rate="1" complexity="NaN">
              <lines>
                <line number="386" hits="0" branch="false" />
              </lines>
            </method>
            <method name="RequiredCustomsID" signature="(Kramp.DotNet.Models.CDM.Identifier)" line-rate="0" branch-rate="1" complexity="NaN">
              <lines>
                <line number="386" hits="0" branch="false" />
              </lines>
            </method>
          </methods>
          <lines>
            <line number="386" hits="0" branch="false" />
          </lines>
        </class>
        <class name="Kramp.DotNet.Models.CDM.Identifier" filename="/home/runner/work/Kramp.DotNet.Models.CDM/Kramp.DotNet.Models.CDM/CDM/Models/common/CoreComponentTypes/Identifier.cs" line-rate="0.6666666666666666" branch-rate="1" complexity="NaN">
          <methods>
            <method name="Identifier" signature="()" line-rate="1" branch-rate="1">
              <lines>
                <line number="10" hits="1" branch="false" />
              </lines>
            </method>
            <method name="Identifier" signature="(string)" line-rate="1" branch-rate="1">
              <lines>
                <line number="16" hits="1" branch="false" />
              </lines>
            </method>
            <method name="ToString" signature="()" line-rate="0" branch-rate="1">
              <lines>
                <line number="42" hits="0" branch="false" />
              </lines>
            </method>
          </methods>
          <lines>
            <line number="10" hits="1" branch="false" />
            <line number="16" hits="1" branch="false" />
            <line number="42" hits="0" branch="false" />
          </lines>
        </class>
        <class name="Kramp.DotNet.Models.CDM.Indicator" filename="/home/runner/work/Kramp.DotNet.Models.CDM/Kramp.DotNet.Models.CDM/CDM/Models/common/CoreComponentTypes/Indicator.cs" line-rate="0.3333333333333333" branch-rate="1" complexity="NaN">
          <methods>
            <method name="Indicator" signature="()" line-rate="1" branch-rate="1">
              <lines>
                <line number="10" hits="1" branch="false" />
              </lines>
            </method>
            <method name="Indicator" signature="(bool)" line-rate="0" branch-rate="1">
              <lines>
                <line number="16" hits="0" branch="false" />
              </lines>
            </method>
            <method name="ToString" signature="()" line-rate="0" branch-rate="1">
              <lines>
                <line number="42" hits="0" branch="false" />
              </lines>
            </method>
          </methods>
          <lines>
            <line number="10" hits="1" branch="false" />
            <line number="16" hits="0" branch="false" />
            <line number="42" hits="0" branch="false" />
          </lines>
        </class>
        <class name="Kramp.DotNet.Models.CDM.Invoice" filename="/home/runner/work/Kramp.DotNet.Models.CDM/Kramp.DotNet.Models.CDM/CDM/Models/maindoc/Invoice.cs" line-rate="1" branch-rate="1" complexity="NaN">
          <methods>
            <method name="UBLVersionID" signature="()" line-rate="1" branch-rate="1" complexity="NaN">
              <lines>
                <line number="7" hits="1" branch="false" />
              </lines>
            </method>
            <method name="UBLVersionID" signature="(Kramp.DotNet.Models.CDM.Identifier)" line-rate="1" branch-rate="1" complexity="NaN">
              <lines>
                <line number="7" hits="1" branch="false" />
              </lines>
            </method>
            <method name="CustomizationID" signature="()" line-rate="1" branch-rate="1" complexity="NaN">
              <lines>
                <line number="10" hits="1" branch="false" />
              </lines>
            </method>
            <method name="CustomizationID" signature="(Kramp.DotNet.Models.CDM.Identifier)" line-rate="1" branch-rate="1" complexity="NaN">
              <lines>
                <line number="10" hits="1" branch="false" />
[...]
                <line number="283" hits="1" branch="false" />
                <line number="285" hits="1" branch="false" />
                <line number="288" hits="1" branch="false" />
                <line number="289" hits="1" branch="false" />
                <line number="290" hits="1" branch="false" />
                <line number="292" hits="1" branch="false" />
                <line number="293" hits="1" branch="false" />
                <line number="294" hits="0" branch="false" />
                <line number="295" hits="0" branch="false" />
                <line number="296" hits="0" branch="false" />
                <line number="298" hits="1" branch="false" />
              </lines>
            </method>
            <method name="TestDespatchNote" signature="()" line-rate="0.8695652173913043" branch-rate="1">
              <lines>
                <line number="302" hits="1" branch="false" />
                <line number="304" hits="1" branch="false" />
                <line number="306" hits="1" branch="false" />
                <line number="307" hits="1" branch="false" />
                <line number="309" hits="1" branch="false" />
                <line number="310" hits="1" branch="false" />
                <line number="314" hits="1" branch="false" />
                <line number="315" hits="1" branch="false" />
                <line number="316" hits="1" branch="false" />
                <line number="317" hits="1" branch="false" />
                <line number="320" hits="1" branch="false" />
                <line number="321" hits="1" branch="false" />
                <line number="322" hits="1" branch="false" />
                <line number="324" hits="1" branch="false" />
                <line number="327" hits="1" branch="false" />
                <line number="328" hits="1" branch="false" />
                <line number="329" hits="1" branch="false" />
                <line number="331" hits="1" branch="false" />
                <line number="332" hits="1" branch="false" />
                <line number="333" hits="0" branch="false" />
                <line number="334" hits="0" branch="false" />
                <line number="335" hits="0" branch="false" />
                <line number="337" hits="1" branch="false" />
              </lines>
            </method>
            <method name="SerializeInvoiceLine" signature="()" line-rate="1" branch-rate="1">
              <lines>
                <line number="341" hits="1" branch="false" />
                <line number="342" hits="1" branch="false" />
                <line number="343" hits="1" branch="false" />
                <line number="345" hits="1" branch="false" />
                <line number="346" hits="1" branch="false" />
                <line number="347" hits="1" branch="false" />
                <line number="348" hits="1" branch="false" />
                <line number="350" hits="1" branch="false" />
                <line number="351" hits="1" branch="false" />
                <line number="352" hits="1" branch="false" />
                <line number="353" hits="1" branch="false" />
                <line number="354" hits="1" branch="false" />
              </lines>
            </method>
            <method name="SerializeInvoice" signature="()" line-rate="1" branch-rate="1">
              <lines>
                <line number="358" hits="1" branch="false" />
                <line number="359" hits="1" branch="false" />
                <line number="360" hits="1" branch="false" />
                <line number="362" hits="1" branch="false" />
                <line number="363" hits="1" branch="false" />
                <line number="364" hits="1" branch="false" />
                <line number="365" hits="1" branch="false" />
                <line number="367" hits="1" branch="false" />
                <line number="368" hits="1" branch="false" />
                <line number="369" hits="1" branch="false" />
                <line number="370" hits="1" branch="false" />
                <line number="371" hits="1" branch="false" />
              </lines>
            </method>
          </methods>
          <lines>
            <line number="18" hits="1" branch="false" />
            <line number="19" hits="1" branch="false" />
            <line number="20" hits="1" branch="false" />
            <line number="21" hits="1" branch="false" />
            <line number="22" hits="1" branch="false" />
            <line number="24" hits="1" branch="false" />
            <line number="25" hits="1" branch="false" />
            <line number="26" hits="1" branch="false" />
            <line number="27" hits="1" branch="false" />
            <line number="30" hits="1" branch="false" />
            <line number="31" hits="1" branch="false" />
            <line number="32" hits="1" branch="false" />
            <line number="34" hits="1" branch="false" />
            <line number="35" hits="1" branch="false" />
            <line number="39" hits="1" branch="false" />
            <line number="40" hits="1" branch="false" />
            <line number="41" hits="1" branch="false" />
            <line number="43" hits="1" branch="false" />
            <line number="44" hits="1" branch="false" />
            <line number="45" hits="1" branch="false" />
            <line number="49" hits="1" branch="false" />
            <line number="50" hits="1" branch="false" />
            <line number="51" hits="1" branch="false" />
            <line number="52" hits="1" branch="false" />
            <line number="53" hits="1" branch="false" />
            <line number="54" hits="1" branch="false" />
            <line number="55" hits="1" branch="false" />
            <line number="56" hits="1" branch="false" />
            <line number="57" hits="1" branch="false" />
            <line number="58" hits="1" branch="false" />
            <line number="59" hits="1" branch="false" />
            <line number="60" hits="1" branch="false" />
            <line number="61" hits="1" branch="false" />
            <line number="62" hits="1" branch="false" />
            <line number="63" hits="1" branch="false" />
            <line number="64" hits="1" branch="false" />
            <line number="65" hits="1" branch="false" />
            <line number="66" hits="1" branch="false" />
            <line number="67" hits="1" branch="false" />
            <line number="68" hits="1" branch="false" />
            <line number="69" hits="1" branch="false" />
            <line number="70" hits="1" branch="false" />
            <line number="71" hits="1" branch="false" />
            <line number="72" hits="1" branch="false" />
            <line number="73" hits="1" branch="false" />
            <line number="74" hits="1" branch="false" />
            <line number="75" hits="1" branch="false" />
            <line number="76" hits="1" branch="false" />
            <line number="77" hits="1" branch="false" />
            <line number="78" hits="1" branch="false" />
            <line number="79" hits="1" branch="false" />
            <line number="80" hits="1" branch="false" />
            <line number="81" hits="1" branch="false" />
            <line number="82" hits="1" branch="false" />
            <line number="83" hits="1" branch="false" />
            <line number="84" hits="1" branch="false" />
            <line number="85" hits="1" branch="false" />
            <line number="86" hits="1" branch="false" />
            <line number="87" hits="1" branch="false" />
            <line number="88" hits="1" branch="false" />
            <line number="89" hits="1" branch="false" />
            <line number="90" hits="1" branch="false" />
            <line number="91" hits="1" branch="false" />
            <line number="92" hits="1" branch="false" />
            <line number="93" hits="1" branch="false" />
            <line number="94" hits="1" branch="false" />
            <line number="95" hits="1" branch="false" />
            <line number="96" hits="1" branch="false" />
            <line number="97" hits="1" branch="false" />
            <line number="98" hits="1" branch="false" />
            <line number="99" hits="1" branch="false" />
            <line number="100" hits="1" branch="false" />
            <line number="101" hits="1" branch="false" />
            <line number="102" hits="1" branch="false" />
            <line number="103" hits="1" branch="false" />
            <line number="104" hits="1" branch="false" />
            <line number="105" hits="1" branch="false" />
            <line number="106" hits="1" branch="false" />
            <line number="107" hits="1" branch="false" />
            <line number="108" hits="1" branch="false" />
            <line number="109" hits="1" branch="false" />
            <line number="110" hits="1" branch="false" />
            <line number="111" hits="1" branch="false" />
            <line number="112" hits="1" branch="false" />
            <line number="113" hits="1" branch="false" />
            <line number="114" hits="1" branch="false" />
            <line number="115" hits="1" branch="false" />
            <line number="116" hits="1" branch="false" />
            <line number="117" hits="1" branch="false" />
            <line number="118" hits="1" branch="false" />
            <line number="119" hits="1" branch="false" />
            <line number="120" hits="1" branch="false" />
            <line number="121" hits="1" branch="false" />
            <line number="122" hits="1" branch="false" />
            <line number="123" hits="1" branch="false" />
            <line number="124" hits="1" branch="false" />
            <line number="125" hits="1" branch="false" />
            <line number="126" hits="1" branch="false" />
            <line number="127" hits="1" branch="false" />
            <line number="128" hits="1" branch="false" />
            <line number="129" hits="1" branch="false" />
            <line number="130" hits="1" branch="false" />
            <line number="131" hits="1" branch="false" />
            <line number="132" hits="1" branch="false" />
            <line number="133" hits="1" branch="false" />
            <line number="134" hits="1" branch="false" />
            <line number="135" hits="1" branch="false" />
            <line number="136" hits="1" branch="false" />
            <line number="137" hits="1" branch="false" />
            <line number="138" hits="1" branch="false" />
            <line number="139" hits="1" branch="false" />
            <line number="140" hits="1" branch="false" />
            <line number="141" hits="1" branch="false" />
            <line number="142" hits="1" branch="false" />
            <line number="143" hits="1" branch="false" />
            <line number="144" hits="1" branch="false" />
            <line number="145" hits="1" branch="false" />
            <line number="146" hits="1" branch="false" />
            <line number="147" hits="1" branch="false" />
            <line number="148" hits="1" branch="false" />
            <line number="149" hits="1" branch="false" />
            <line number="150" hits="1" branch="false" />
            <line number="151" hits="1" branch="false" />
            <line number="152" hits="1" branch="false" />
            <line number="153" hits="1" branch="false" />
            <line number="154" hits="1" branch="false" />
            <line number="155" hits="1" branch="false" />
            <line number="156" hits="1" branch="false" />
            <line number="157" hits="1" branch="false" />
            <line number="158" hits="1" branch="false" />
            <line number="159" hits="1" branch="false" />
            <line number="160" hits="1" branch="false" />
            <line number="161" hits="1" branch="false" />
            <line number="162" hits="1" branch="false" />
            <line number="163" hits="1" branch="false" />
            <line number="164" hits="1" branch="false" />
            <line number="165" hits="1" branch="false" />
            <line number="168" hits="1" branch="false" />
            <line number="169" hits="1" branch="false" />
            <line number="170" hits="1" branch="false" />
            <line number="171" hits="1" branch="false" />
            <line number="174" hits="1" branch="false" />
            <line number="175" hits="1" branch="false" />
            <line number="176" hits="1" branch="false" />
            <line number="178" hits="1" branch="false" />
            <line number="179" hits="1" branch="false" />
            <line number="180" hits="1" branch="false" />
            <line number="181" hits="1" branch="false" />
            <line number="183" hits="1" branch="false" />
            <line number="184" hits="1" branch="false" />
            <line number="189" hits="1" branch="false" />
            <line number="190" hits="1" branch="false" />
            <line number="191" hits="1" branch="false" />
            <line number="193" hits="1" branch="false" />
            <line number="194" hits="1" branch="false" />
            <line number="195" hits="1" branch="false" />
            <line number="196" hits="1" branch="false" />
            <line number="197" hits="1" branch="false" />
            <line number="198" hits="1" branch="false" />
            <line number="199" hits="1" branch="false" />
            <line number="200" hits="1" branch="false" />
            <line number="201" hits="1" branch="false" />
            <line number="202" hits="1" branch="false" />
            <line number="203" hits="1" branch="false" />
            <line number="204" hits="1" branch="false" />
            <line number="206" hits="1" branch="false" />
            <line number="207" hits="1" branch="false" />
            <line number="209" hits="1" branch="false" />
            <line number="210" hits="1" branch="false" />
            <line number="211" hits="1" branch="false" />
            <line number="212" hits="1" branch="false" />
            <line number="213" hits="1" branch="false" />
            <line number="214" hits="1" branch="false" />
            <line number="215" hits="1" branch="false" />
            <line number="216" hits="1" branch="false" />
            <line number="217" hits="1" branch="false" />
            <line number="218" hits="1" branch="false" />
            <line number="219" hits="1" branch="false" />
            <line number="220" hits="1" branch="false" />
            <line number="221" hits="1" branch="false" />
            <line number="224" hits="1" branch="false" />
            <line number="226" hits="1" branch="false" />
            <line number="228" hits="1" branch="false" />
            <line number="229" hits="1" branch="false" />
            <line number="231" hits="1" branch="false" />
            <line number="232" hits="1" branch="false" />
            <line number="236" hits="1" branch="false" />
            <line number="237" hits="1" branch="false" />
            <line number="238" hits="1" branch="false" />
            <line number="239" hits="1" branch="false" />
            <line number="242" hits="1" branch="false" />
            <line number="243" hits="1" branch="false" />
            <line number="244" hits="1" branch="false" />
            <line number="246" hits="1" branch="false" />
            <line number="249" hits="1" branch="false" />
            <line number="250" hits="1" branch="false" />
            <line number="251" hits="1" branch="false" />
            <line number="254" hits="1" branch="false" />
            <line number="255" hits="0" branch="false" />
            <line number="256" hits="0" branch="false" />
            <line number="257" hits="0" branch="false" />
            <line number="259" hits="1" branch="false" />
            <line number="263" hits="1" branch="false" />
            <line number="265" hits="1" branch="false" />
            <line number="267" hits="1" branch="false" />
            <line number="268" hits="1" branch="false" />
            <line number="270" hits="1" branch="false" />
            <line number="271" hits="1" branch="false" />
            <line number="275" hits="1" branch="false" />
            <line number="276" hits="1" branch="false" />
            <line number="277" hits="1" branch="false" />
            <line number="278" hits="1" branch="false" />
            <line number="281" hits="1" branch="false" />
            <line number="282" hits="1" branch="false" />
            <line number="283" hits="1" branch="false" />
            <line number="285" hits="1" branch="false" />
            <line number="288" hits="1" branch="false" />
            <line number="289" hits="1" branch="false" />
            <line number="290" hits="1" branch="false" />
            <line number="292" hits="1" branch="false" />
            <line number="293" hits="1" branch="false" />
            <line number="294" hits="0" branch="false" />
            <line number="295" hits="0" branch="false" />
            <line number="296" hits="0" branch="false" />
            <line number="298" hits="1" branch="false" />
            <line number="302" hits="1" branch="false" />
            <line number="304" hits="1" branch="false" />
            <line number="306" hits="1" branch="false" />
            <line number="307" hits="1" branch="false" />
            <line number="309" hits="1" branch="false" />
            <line number="310" hits="1" branch="false" />
            <line number="314" hits="1" branch="false" />
            <line number="315" hits="1" branch="false" />
            <line number="316" hits="1" branch="false" />
            <line number="317" hits="1" branch="false" />
            <line number="320" hits="1" branch="false" />
            <line number="321" hits="1" branch="false" />
            <line number="322" hits="1" branch="false" />
            <line number="324" hits="1" branch="false" />
            <line number="327" hits="1" branch="false" />
            <line number="328" hits="1" branch="false" />
            <line number="329" hits="1" branch="false" />
            <line number="331" hits="1" branch="false" />
            <line number="332" hits="1" branch="false" />
            <line number="333" hits="0" branch="false" />
            <line number="334" hits="0" branch="false" />
            <line number="335" hits="0" branch="false" />
            <line number="337" hits="1" branch="false" />
            <line number="341" hits="1" branch="false" />
            <line number="342" hits="1" branch="false" />
            <line number="343" hits="1" branch="false" />
            <line number="345" hits="1" branch="false" />
            <line number="346" hits="1" branch="false" />
            <line number="347" hits="1" branch="false" />
            <line number="348" hits="1" branch="false" />
            <line number="350" hits="1" branch="false" />
            <line number="351" hits="1" branch="false" />
            <line number="352" hits="1" branch="false" />
            <line number="353" hits="1" branch="false" />
            <line number="354" hits="1" branch="false" />
            <line number="358" hits="1" branch="false" />
            <line number="359" hits="1" branch="false" />
            <line number="360" hits="1" branch="false" />
            <line number="362" hits="1" branch="false" />
            <line number="363" hits="1" branch="false" />
            <line number="364" hits="1" branch="false" />
            <line number="365" hits="1" branch="false" />
            <line number="367" hits="1" branch="false" />
            <line number="368" hits="1" branch="false" />
            <line number="369" hits="1" branch="false" />
            <line number="370" hits="1" branch="false" />
            <line number="371" hits="1" branch="false" />
          </lines>
        </class>
      </classes>
    </package>
  </packages>
</coverage>